<?xml version="1.0" encoding="UTF-8"?>
<!-- Generated by org.testng.reporters.JUnitReportReporter -->
<testsuite hostname="Bhuvaneswaris-MacBook-Pro.local" failures="0" tests="1" name="tests.HomeTest" time="0.149" errors="0" timestamp="2025-06-10T20:38:29 ACST" skipped="0">
  <testcase classname="tests.HomeTest" name="verifyHomePageDetails" time="0.149"/>
</testsuite> <!-- tests.HomeTest -->
